info it worked if it ends with ok
verbose cli [ 'node',
verbose cli   '/usr/local/bin/npm',
verbose cli   'install',
verbose cli   'mysql-libmysqlclient',
verbose cli   '-gd' ]
info using npm@1.1.4
info using node@v0.6.12
verbose config file /root/.npmrc
verbose config file /usr/local/etc/npmrc
verbose config file /usr/local/lib/node_modules/npm/npmrc
silly exec /usr/local/bin/node "/usr/local/lib/node_modules/npm/bin/npm-get-uid-gid.js" "nobody" 0
silly spawning [ '/usr/local/bin/node',
silly spawning   [ '/usr/local/lib/node_modules/npm/bin/npm-get-uid-gid.js',
silly spawning     'nobody',
silly spawning     0 ],
silly spawning   null ]
silly output from getuid/gid {"uid":65534,"gid":0}
silly output from getuid/gid 
verbose cache add [ 'mysql-libmysqlclient', null ]
silly cache add: name, spec, args [ undefined,
silly cache add: name, spec, args   'mysql-libmysqlclient',
silly cache add: name, spec, args   [ 'mysql-libmysqlclient', null ] ]
verbose parsed url { pathname: 'mysql-libmysqlclient',
verbose parsed url   path: 'mysql-libmysqlclient',
verbose parsed url   href: 'mysql-libmysqlclient' }
verbose addNamed [ 'mysql-libmysqlclient', '' ]
verbose addNamed [ null, '' ]
silly name, range, hasData [ 'mysql-libmysqlclient', '', false ]
verbose raw, before any munging mysql-libmysqlclient
verbose url resolving [ 'https://registry.npmjs.org/', './mysql-libmysqlclient' ]
verbose url resolved https://registry.npmjs.org/mysql-libmysqlclient
verbose etag "60NX4ZEH54VAD9IGVXC3OBJ1D"
http GET https://registry.npmjs.org/mysql-libmysqlclient
http 304 https://registry.npmjs.org/mysql-libmysqlclient
silly get cb [ 304,
silly get cb   { server: 'CouchDB/1.2.0 (Erlang OTP/R15B)',
silly get cb     etag: '"60NX4ZEH54VAD9IGVXC3OBJ1D"',
silly get cb     date: 'Thu, 15 Mar 2012 16:52:13 GMT',
silly get cb     'content-length': '0' } ]
verbose etag mysql-libmysqlclient from cache
silly name, range, hasData 2 [ 'mysql-libmysqlclient', '', true ]
silly versions [ 'mysql-libmysqlclient',
silly versions   [ '0.0.10',
silly versions     '0.0.7',
silly versions     '0.0.8',
silly versions     '0.0.9',
silly versions     '1.0.0',
silly versions     '1.0.1',
silly versions     '1.0.2',
silly versions     '1.0.3',
silly versions     '1.1.0',
silly versions     '1.1.1',
silly versions     '1.2.1',
silly versions     '1.2.2',
silly versions     '1.2.3',
silly versions     '1.2.4',
silly versions     '1.2.7',
silly versions     '1.2.8',
silly versions     '1.2.9',
silly versions     '1.2.10' ] ]
verbose bin dist [ '0.6-ares1.7.5-DEV-evundefined-openssl0.9.8o-v83.6.6.24-linux-ia32-2.6.35-32-generic-pae',
verbose bin dist   { shasum: '06ce8b3e7d76a45e3a6c054298c17cec2f786c8e',
verbose bin dist     tarball: 'http://registry.npmjs.org/mysql-libmysqlclient/-/mysql-libmysqlclient-1.2.10.tgz' } ]
verbose has wscript [ undefined,
verbose has wscript   { file: '/root/.npm/mysql-libmysqlclient/1.2.10/package/package.json',
verbose has wscript     contributors: false,
verbose has wscript     serverjs: false,
verbose has wscript     wscript: true } ]
verbose caching /root/.npm/mysql-libmysqlclient/1.2.10/package/package.json
verbose loadDefaults mysql-libmysqlclient@1.2.10
silly resolved [ { name: 'mysql-libmysqlclient',
silly resolved     description: 'Binary MySQL bindings for Node.JS',
silly resolved     keywords: [ 'mysql', 'libmysqlclient', 'sql', 'database', 'addon' ],
silly resolved     homepage: 'http://sannis.github.com/node-mysql-libmysqlclient',
silly resolved     version: '1.2.10',
silly resolved     author: { name: 'Oleg Efimov', email: 'efimovov@gmail.com' },
silly resolved     contributors: 
silly resolved      [ { name: 'Oleg Efimov', email: 'efimovov@gmail.com' },
silly resolved        { name: 'Surendra Singhi', email: 'ssinghi@kreeti.com' },
silly resolved        { name: 'Akzhan Abdulin', email: 'akzhan.abdulin@gmail.com' },
silly resolved        { name: 'Robin Duckett', email: 'robin.duckett@gmail.com' },
silly resolved        { name: 'Dan Beam', email: 'dan@danbeam.org' },
silly resolved        { name: 'Maurits Lamers', email: 'maurits@weidestraat.nl' },
silly resolved        { name: 'Benjmain Reesman', email: 'ben.reesman@gmail.com' },
silly resolved        { name: 'Pavel Ponomarenko', email: 'shocksilien@gmail.com' },
silly resolved        { name: 'Krists Krīgers', email: 'kristsk@cdi.lv' },
silly resolved        { name: 'Roman Shtylman', email: 'shtylman@gmail.com' },
silly resolved        { name: 'Sergey Novgorodsky',
silly resolved          email: 'svnovgorodsky@hotmail.com' } ],
silly resolved     bugs: { url: 'http://github.com/Sannis/node-mysql-libmysqlclient/issues' },
silly resolved     licenses: [ { type: 'MIT' } ],
silly resolved     repository: 
silly resolved      { type: 'git',
silly resolved        url: 'git://github.com/Sannis/node-mysql-libmysqlclient.git' },
silly resolved     main: './mysql-libmysqlclient',
silly resolved     scripts: { install: 'make conf all', test: 'make test', doc: 'make doc' },
silly resolved     engines: { node: '0.4.x || 0.5.x || 0.6.x' },
silly resolved     devDependencies: { nodeunit: '*', nodelint: '*', 'node-inspector': '*' },
silly resolved     _id: 'mysql-libmysqlclient@1.2.10',
silly resolved     dependencies: {},
silly resolved     optionalDependencies: {},
silly resolved     _engineSupported: true,
silly resolved     _npmVersion: '1.1.4',
silly resolved     _nodeVersion: 'v0.6.12',
silly resolved     _defaultsLoaded: true,
silly resolved     _from: 'mysql-libmysqlclient' } ]
info into /usr/local/lib mysql-libmysqlclient@1.2.10
info installOne mysql-libmysqlclient@1.2.10
verbose from cache /root/.npm/mysql-libmysqlclient/1.2.10/package/package.json
info unbuild /usr/local/lib/node_modules/mysql-libmysqlclient
verbose mkdir (expected) error ENOENT, no such file or directory '/usr/local/lib/node_modules/___mysql-libmysqlclient.npm'
verbose mkdir done: /usr/local/lib/node_modules/___mysql-libmysqlclient.npm 755
verbose unpack_ uid, gid [ 65534, 0 ]
verbose unpackTarget /usr/local/lib/node_modules/mysql-libmysqlclient
silly gunzTarPerm modes [ '755', '644' ]
silly afterUntar ok
silly asyncMap in gTP /usr/local/lib/node_modules/___mysql-libmysqlclient.npm/package
silly asyncMap in gTP /usr/local/lib/node_modules/___mysql-libmysqlclient.npm/package/package.json
silly asyncMap in gTP /usr/local/lib/node_modules/___mysql-libmysqlclient.npm/package/devdependencies-stamp
silly asyncMap in gTP /usr/local/lib/node_modules/___mysql-libmysqlclient.npm/package/CHANGELOG.markdown
silly asyncMap in gTP /usr/local/lib/node_modules/___mysql-libmysqlclient.npm/package/LICENSE
silly asyncMap in gTP /usr/local/lib/node_modules/___mysql-libmysqlclient.npm/package/gh_pages.sh
silly asyncMap in gTP /usr/local/lib/node_modules/___mysql-libmysqlclient.npm/package/README.markdown
silly asyncMap in gTP /usr/local/lib/node_modules/___mysql-libmysqlclient.npm/package/Makefile
silly asyncMap in gTP /usr/local/lib/node_modules/___mysql-libmysqlclient.npm/package/wscript
silly asyncMap in gTP /usr/local/lib/node_modules/___mysql-libmysqlclient.npm/package/.travis.yml
silly asyncMap in gTP /usr/local/lib/node_modules/___mysql-libmysqlclient.npm/package/.npmignore
silly asyncMap in gTP /usr/local/lib/node_modules/___mysql-libmysqlclient.npm/package/mysql-libmysqlclient.js
silly asyncMap in gTP /usr/local/lib/node_modules/___mysql-libmysqlclient.npm/package/src
silly asyncMap in gTP /usr/local/lib/node_modules/___mysql-libmysqlclient.npm/package/src/mysql_bindings.h
silly asyncMap in gTP /usr/local/lib/node_modules/___mysql-libmysqlclient.npm/package/src/mysql_bindings_connection.cc
silly asyncMap in gTP /usr/local/lib/node_modules/___mysql-libmysqlclient.npm/package/src/mysql_bindings_statement.h
silly asyncMap in gTP /usr/local/lib/node_modules/___mysql-libmysqlclient.npm/package/src/mysql_bindings_connection.h
silly asyncMap in gTP /usr/local/lib/node_modules/___mysql-libmysqlclient.npm/package/src/mysql_bindings_result.h
silly asyncMap in gTP /usr/local/lib/node_modules/___mysql-libmysqlclient.npm/package/src/mysql_bindings_result.cc
silly asyncMap in gTP /usr/local/lib/node_modules/___mysql-libmysqlclient.npm/package/src/mysql_bindings_statement.cc
silly asyncMap in gTP /usr/local/lib/node_modules/___mysql-libmysqlclient.npm/package/src/mysql_bindings.cc
silly asyncMap in gTP /usr/local/lib/node_modules/___mysql-libmysqlclient.npm/package/tools
silly asyncMap in gTP /usr/local/lib/node_modules/___mysql-libmysqlclient.npm/package/tools/run-check-tests.js
silly asyncMap in gTP /usr/local/lib/node_modules/___mysql-libmysqlclient.npm/package/tools/run-debug.js
silly asyncMap in gTP /usr/local/lib/node_modules/___mysql-libmysqlclient.npm/package/tools/run-memoryleaks-finder.js
silly asyncMap in gTP /usr/local/lib/node_modules/___mysql-libmysqlclient.npm/package/.idea
silly asyncMap in gTP /usr/local/lib/node_modules/___mysql-libmysqlclient.npm/package/.idea/misc.xml
silly asyncMap in gTP /usr/local/lib/node_modules/___mysql-libmysqlclient.npm/package/.idea/modules.xml
silly asyncMap in gTP /usr/local/lib/node_modules/___mysql-libmysqlclient.npm/package/.idea/node-mysql-libmysqlclient.iml
silly asyncMap in gTP /usr/local/lib/node_modules/___mysql-libmysqlclient.npm/package/.idea/workspace.xml
silly asyncMap in gTP /usr/local/lib/node_modules/___mysql-libmysqlclient.npm/package/.idea/encodings.xml
silly asyncMap in gTP /usr/local/lib/node_modules/___mysql-libmysqlclient.npm/package/.idea/.name
silly asyncMap in gTP /usr/local/lib/node_modules/___mysql-libmysqlclient.npm/package/.idea/vcs.xml
silly asyncMap in gTP /usr/local/lib/node_modules/___mysql-libmysqlclient.npm/package/tests
silly asyncMap in gTP /usr/local/lib/node_modules/___mysql-libmysqlclient.npm/package/tests/config.js
silly asyncMap in gTP /usr/local/lib/node_modules/___mysql-libmysqlclient.npm/package/tests/ignored
silly asyncMap in gTP /usr/local/lib/node_modules/___mysql-libmysqlclient.npm/package/tests/ignored/place_ignored_tests.here
silly asyncMap in gTP /usr/local/lib/node_modules/___mysql-libmysqlclient.npm/package/tests/slow
silly asyncMap in gTP /usr/local/lib/node_modules/___mysql-libmysqlclient.npm/package/tests/slow/test-nested-connect.js
silly asyncMap in gTP /usr/local/lib/node_modules/___mysql-libmysqlclient.npm/package/tests/slow/test-nested-query.js
silly asyncMap in gTP /usr/local/lib/node_modules/___mysql-libmysqlclient.npm/package/tests/slow/test-nested-fetchAll.js
silly asyncMap in gTP /usr/local/lib/node_modules/___mysql-libmysqlclient.npm/package/tests/simple
silly asyncMap in gTP /usr/local/lib/node_modules/___mysql-libmysqlclient.npm/package/tests/simple/test-class-mysqlresult.js
silly asyncMap in gTP /usr/local/lib/node_modules/___mysql-libmysqlclient.npm/package/tests/simple/setup-simple.js
silly asyncMap in gTP /usr/local/lib/node_modules/___mysql-libmysqlclient.npm/package/tests/simple/test-class-mysqlstatement.js
silly asyncMap in gTP /usr/local/lib/node_modules/___mysql-libmysqlclient.npm/package/tests/simple/test-class-mysqlconnection-async.js
silly asyncMap in gTP /usr/local/lib/node_modules/___mysql-libmysqlclient.npm/package/tests/simple/test-class-mysqlresult-async.js
silly asyncMap in gTP /usr/local/lib/node_modules/___mysql-libmysqlclient.npm/package/tests/simple/test-class-mysqlconnection.js
silly asyncMap in gTP /usr/local/lib/node_modules/___mysql-libmysqlclient.npm/package/tests/complex
silly asyncMap in gTP /usr/local/lib/node_modules/___mysql-libmysqlclient.npm/package/tests/complex/test-datatypes-cast.js
silly asyncMap in gTP /usr/local/lib/node_modules/___mysql-libmysqlclient.npm/package/tests/complex/test-fetchAll.js
silly asyncMap in gTP /usr/local/lib/node_modules/___mysql-libmysqlclient.npm/package/tests/complex/setup-complex.js
silly asyncMap in gTP /usr/local/lib/node_modules/___mysql-libmysqlclient.npm/package/tests/complex/test-connect-different-args.js
silly asyncMap in gTP /usr/local/lib/node_modules/___mysql-libmysqlclient.npm/package/tests/complex/test-javascript-interface.js
silly asyncMap in gTP /usr/local/lib/node_modules/___mysql-libmysqlclient.npm/package/tests/complex/test-call-stored-procedure.js
silly asyncMap in gTP /usr/local/lib/node_modules/___mysql-libmysqlclient.npm/package/tests/complex/test-binary-buffers.js
silly asyncMap in gTP /usr/local/lib/node_modules/___mysql-libmysqlclient.npm/package/tests/issues
silly asyncMap in gTP /usr/local/lib/node_modules/___mysql-libmysqlclient.npm/package/tests/issues/test-issue-106.js
silly asyncMap in gTP /usr/local/lib/node_modules/___mysql-libmysqlclient.npm/package/tests/issues/test-issue-102.js
silly asyncMap in gTP /usr/local/lib/node_modules/___mysql-libmysqlclient.npm/package/doc
silly asyncMap in gTP /usr/local/lib/node_modules/___mysql-libmysqlclient.npm/package/doc/example_http.js
silly asyncMap in gTP /usr/local/lib/node_modules/___mysql-libmysqlclient.npm/package/doc/examples.js
silly asyncMap in gTP /usr/local/lib/node_modules/___mysql-libmysqlclient.npm/package/doc/index.html
silly asyncMap in gTP /usr/local/lib/node_modules/___mysql-libmysqlclient.npm/package/doc/api.html
silly asyncMap in gTP /usr/local/lib/node_modules/___mysql-libmysqlclient.npm/package/doc/examples.html
silly asyncMap in gTP /usr/local/lib/node_modules/___mysql-libmysqlclient.npm/package/doc/changelog.html
silly asyncMap in gTP /usr/local/lib/node_modules/___mysql-libmysqlclient.npm/package/doc/examples
silly asyncMap in gTP /usr/local/lib/node_modules/___mysql-libmysqlclient.npm/package/doc/examples/url_shortener
silly asyncMap in gTP /usr/local/lib/node_modules/___mysql-libmysqlclient.npm/package/doc/examples/url_shortener/index.html
silly asyncMap in gTP /usr/local/lib/node_modules/___mysql-libmysqlclient.npm/package/doc/examples/url_shortener/index.js
silly asyncMap in gTP /usr/local/lib/node_modules/___mysql-libmysqlclient.npm/package/build
silly asyncMap in gTP /usr/local/lib/node_modules/___mysql-libmysqlclient.npm/package/build/.conf_check_0
silly asyncMap in gTP /usr/local/lib/node_modules/___mysql-libmysqlclient.npm/package/build/.conf_check_0/test.cpp
silly asyncMap in gTP /usr/local/lib/node_modules/___mysql-libmysqlclient.npm/package/build/.conf_check_0/testbuild
silly asyncMap in gTP /usr/local/lib/node_modules/___mysql-libmysqlclient.npm/package/build/.conf_check_0/testbuild/Release
silly asyncMap in gTP /usr/local/lib/node_modules/___mysql-libmysqlclient.npm/package/build/.conf_check_0/testbuild/Release/test_1.o
verbose gunzed /usr/local/lib/node_modules/___mysql-libmysqlclient.npm/package
verbose rm'ed /usr/local/lib/node_modules/mysql-libmysqlclient
verbose renamed [ '/usr/local/lib/node_modules/___mysql-libmysqlclient.npm/package',
verbose renamed   '/usr/local/lib/node_modules/mysql-libmysqlclient' ]
verbose has wscript [ undefined,
verbose has wscript   { file: '/usr/local/lib/node_modules/mysql-libmysqlclient/package.json',
verbose has wscript     contributors: false,
verbose has wscript     serverjs: false,
verbose has wscript     wscript: true } ]
verbose caching /usr/local/lib/node_modules/mysql-libmysqlclient/package.json
verbose loadDefaults mysql-libmysqlclient@1.2.10
info preinstall mysql-libmysqlclient@1.2.10
verbose from cache /usr/local/lib/node_modules/mysql-libmysqlclient/package.json
verbose readDependencies: using package.json deps
verbose from cache /usr/local/lib/node_modules/mysql-libmysqlclient/package.json
verbose readDependencies: using package.json deps
silly resolved []
verbose about to build /usr/local/lib/node_modules/mysql-libmysqlclient
info build /usr/local/lib/node_modules/mysql-libmysqlclient
verbose from cache /usr/local/lib/node_modules/mysql-libmysqlclient/package.json
verbose linkStuff [ true,
verbose linkStuff   '/usr/local/lib/node_modules',
verbose linkStuff   true,
verbose linkStuff   '/usr/local/lib/node_modules' ]
info linkStuff mysql-libmysqlclient@1.2.10
verbose linkBins mysql-libmysqlclient@1.2.10
verbose linkMans mysql-libmysqlclient@1.2.10
verbose rebuildBundles mysql-libmysqlclient@1.2.10
info install mysql-libmysqlclient@1.2.10
verbose unsafe-perm in lifecycle false
verbose Setting uid from 0 nobody
verbose stack at uid setting Error
verbose stack at uid setting     at exec (/usr/local/lib/node_modules/npm/lib/utils/exec.js:35:17)
verbose stack at uid setting     at Array.0 (/usr/local/lib/node_modules/npm/lib/utils/lifecycle.js:141:5)
verbose stack at uid setting     at EventEmitter._tickCallback (node.js:192:40)
silly exec sh "-c" "make conf all"
silly spawning [ 'sh',
silly spawning   [ '-c', 'make conf all' ],
silly spawning   '/usr/local/lib/node_modules/mysql-libmysqlclient' ]
info mysql-libmysqlclient@1.2.10 Failed to exec install script
ERR! error installing mysql-libmysqlclient@1.2.10
info unbuild /usr/local/lib/node_modules/mysql-libmysqlclient
verbose from cache /usr/local/lib/node_modules/mysql-libmysqlclient/package.json
info preuninstall mysql-libmysqlclient@1.2.10
info uninstall mysql-libmysqlclient@1.2.10
verbose unbuild mysql-libmysqlclient@1.2.10 [ true,
verbose unbuild mysql-libmysqlclient@1.2.10   '/usr/local/lib/node_modules',
verbose unbuild mysql-libmysqlclient@1.2.10   '/usr/local/lib/node_modules' ]
info postuninstall mysql-libmysqlclient@1.2.10
verbose installOne cb mysql-libmysqlclient@1.2.10
ERR! mysql-libmysqlclient@1.2.10 install: `make conf all`
ERR! `sh "-c" "make conf all"` failed with 2
ERR! 
ERR! Failed at the mysql-libmysqlclient@1.2.10 install script.
ERR! This is most likely a problem with the mysql-libmysqlclient package,
ERR! not with npm itself.
ERR! Tell the author that this fails on your system:
ERR!     make conf all
ERR! You can get their info via:
ERR!     npm owner ls mysql-libmysqlclient
ERR! There is likely additional logging output above.
ERR! 
ERR! System Linux 2.6.35-32-generic-pae
ERR! command "node" "/usr/local/bin/npm" "install" "mysql-libmysqlclient" "-gd"
ERR! cwd /home/cupdir/node
ERR! node -v v0.6.12
ERR! npm -v 1.1.4
ERR! code ELIFECYCLE
ERR! message mysql-libmysqlclient@1.2.10 install: `make conf all`
ERR! message `sh "-c" "make conf all"` failed with 2
ERR! errno {}
verbose exit [ 1, true ]
